<?xml version="1.0" encoding="UTF-8"?>
<!-- Generated by org.testng.reporters.JUnitXMLReporter -->
<testsuite hostname="LIN35006143" name="Default test" tests="18" failures="0" timestamp="20 Jan 2021 11:55:29 GMT" time="0.684" errors="0">
  <testcase name="@BeforeClass setup" time="0.0" classname="com.Mcd.qa.TestCases.Core_General_Inquiry">
    <failure type="org.testng.TestNGException" message="
Parameter &amp;apos;browser&amp;apos; is required by @Configuration on method setup but has not been marked @Optional or defined
in C:\Users\chvennap\AppData\Local\Temp\testng-eclipse-444948255\testng-customsuite.xml">
      <![CDATA[org.testng.TestNGException: 
Parameter 'browser' is required by @Configuration on method setup but has not been marked @Optional or defined
in C:\Users\chvennap\AppData\Local\Temp\testng-eclipse-444948255\testng-customsuite.xml
	at org.testng.internal.Parameters.createParameters(Parameters.java:154)
	at org.testng.internal.Parameters.createParameters(Parameters.java:361)
	at org.testng.internal.Parameters.createConfigurationParameters(Parameters.java:84)
	at org.testng.internal.Invoker.invokeConfigurations(Invoker.java:201)
	at org.testng.internal.Invoker.invokeConfigurations(Invoker.java:142)
	at org.testng.internal.TestMethodWorker.invokeBeforeClassMethods(TestMethodWorker.java:178)
	at org.testng.internal.TestMethodWorker.run(TestMethodWorker.java:108)
	at org.testng.TestRunner.privateRun(TestRunner.java:782)
	at org.testng.TestRunner.run(TestRunner.java:632)
	at org.testng.SuiteRunner.runTest(SuiteRunner.java:366)
	at org.testng.SuiteRunner.runSequentially(SuiteRunner.java:361)
	at org.testng.SuiteRunner.privateRun(SuiteRunner.java:319)
	at org.testng.SuiteRunner.run(SuiteRunner.java:268)
	at org.testng.SuiteRunnerWorker.runSuite(SuiteRunnerWorker.java:52)
	at org.testng.SuiteRunnerWorker.run(SuiteRunnerWorker.java:86)
	at org.testng.TestNG.runSuitesSequentially(TestNG.java:1244)
	at org.testng.TestNG.runSuitesLocally(TestNG.java:1169)
	at org.testng.TestNG.run(TestNG.java:1064)
	at org.testng.remote.RemoteTestNG.run(RemoteTestNG.java:113)
	at org.testng.remote.RemoteTestNG.initAndRun(RemoteTestNG.java:206)
	at org.testng.remote.RemoteTestNG.main(RemoteTestNG.java:177)
]]>
    </failure>
  </testcase> <!-- @BeforeClass setup -->
  <testcase name="@AfterMethod tearDown" time="0.0" classname="com.Mcd.qa.TestCases.Core_General_Inquiry">
    <skipped/>
  </testcase> <!-- @AfterMethod tearDown -->
  <testcase name="@AfterMethod tearDown" time="0.0" classname="com.Mcd.qa.TestCases.Core_General_Inquiry">
    <skipped/>
  </testcase> <!-- @AfterMethod tearDown -->
  <testcase name="@AfterMethod tearDown" time="0.0" classname="com.Mcd.qa.TestCases.Core_General_Inquiry">
    <skipped/>
  </testcase> <!-- @AfterMethod tearDown -->
  <testcase name="@AfterMethod tearDown" time="0.0" classname="com.Mcd.qa.TestCases.Core_General_Inquiry">
    <skipped/>
  </testcase> <!-- @AfterMethod tearDown -->
  <testcase name="@AfterMethod tearDown" time="0.0" classname="com.Mcd.qa.TestCases.Core_General_Inquiry">
    <skipped/>
  </testcase> <!-- @AfterMethod tearDown -->
  <testcase name="@AfterMethod tearDown" time="0.0" classname="com.Mcd.qa.TestCases.Core_General_Inquiry">
    <skipped/>
  </testcase> <!-- @AfterMethod tearDown -->
  <testcase name="@AfterMethod tearDown" time="0.0" classname="com.Mcd.qa.TestCases.Core_General_Inquiry">
    <skipped/>
  </testcase> <!-- @AfterMethod tearDown -->
  <testcase name="@AfterMethod tearDown" time="0.0" classname="com.Mcd.qa.TestCases.Core_General_Inquiry">
    <skipped/>
  </testcase> <!-- @AfterMethod tearDown -->
  <testcase name="@AfterMethod tearDown" time="0.0" classname="com.Mcd.qa.TestCases.Core_General_Inquiry">
    <skipped/>
  </testcase> <!-- @AfterMethod tearDown -->
  <testcase name="@AfterMethod tearDown" time="0.0" classname="com.Mcd.qa.TestCases.Core_General_Inquiry">
    <skipped/>
  </testcase> <!-- @AfterMethod tearDown -->
  <testcase name="@AfterMethod tearDown" time="0.0" classname="com.Mcd.qa.TestCases.Core_General_Inquiry">
    <skipped/>
  </testcase> <!-- @AfterMethod tearDown -->
  <testcase name="@AfterMethod tearDown" time="0.0" classname="com.Mcd.qa.TestCases.Core_General_Inquiry">
    <skipped/>
  </testcase> <!-- @AfterMethod tearDown -->
  <testcase name="@AfterMethod tearDown" time="0.0" classname="com.Mcd.qa.TestCases.Core_General_Inquiry">
    <skipped/>
  </testcase> <!-- @AfterMethod tearDown -->
  <testcase name="@AfterMethod tearDown" time="0.0" classname="com.Mcd.qa.TestCases.Core_General_Inquiry">
    <skipped/>
  </testcase> <!-- @AfterMethod tearDown -->
  <testcase name="@AfterMethod tearDown" time="0.0" classname="com.Mcd.qa.TestCases.Core_General_Inquiry">
    <skipped/>
  </testcase> <!-- @AfterMethod tearDown -->
  <testcase name="@AfterMethod tearDown" time="0.0" classname="com.Mcd.qa.TestCases.Core_General_Inquiry">
    <skipped/>
  </testcase> <!-- @AfterMethod tearDown -->
  <testcase name="@AfterMethod tearDown" time="0.0" classname="com.Mcd.qa.TestCases.Core_General_Inquiry">
    <skipped/>
  </testcase> <!-- @AfterMethod tearDown -->
  <testcase name="@AfterMethod tearDown" time="0.0" classname="com.Mcd.qa.TestCases.Core_General_Inquiry">
    <skipped/>
  </testcase> <!-- @AfterMethod tearDown -->
  <testcase name="@AfterTest endreport" time="0.0" classname="com.Mcd.qa.TestCases.Core_General_Inquiry">
    <skipped/>
  </testcase> <!-- @AfterTest endreport -->
  <testcase name="Open_URL" time="0.002" classname="com.Mcd.qa.TestCases.Core_General_Inquiry">
    <skipped/>
  </testcase> <!-- Open_URL -->
  <testcase name="General_Inqury" time="0.007" classname="com.Mcd.qa.TestCases.Core_General_Inquiry">
    <skipped/>
  </testcase> <!-- General_Inqury -->
  <testcase name="Pick_Different_Topic" time="0.003" classname="com.Mcd.qa.TestCases.Core_General_Inquiry">
    <skipped/>
  </testcase> <!-- Pick_Different_Topic -->
  <testcase name="We_Want_to_Hear_From_You" time="0.004" classname="com.Mcd.qa.TestCases.Core_General_Inquiry">
    <skipped/>
  </testcase> <!-- We_Want_to_Hear_From_You -->
  <testcase name="What_is_This_About" time="0.003" classname="com.Mcd.qa.TestCases.Core_General_Inquiry">
    <skipped/>
  </testcase> <!-- What_is_This_About -->
  <testcase name="Tell_Us_About_It" time="0.005" classname="com.Mcd.qa.TestCases.Core_General_Inquiry">
    <skipped/>
  </testcase> <!-- Tell_Us_About_It -->
  <testcase name="Frist_Name" time="0.003" classname="com.Mcd.qa.TestCases.Core_General_Inquiry">
    <skipped/>
  </testcase> <!-- Frist_Name -->
  <testcase name="Last_Name" time="0.003" classname="com.Mcd.qa.TestCases.Core_General_Inquiry">
    <skipped/>
  </testcase> <!-- Last_Name -->
  <testcase name="Address" time="0.005" classname="com.Mcd.qa.TestCases.Core_General_Inquiry">
    <skipped/>
  </testcase> <!-- Address -->
  <testcase name="AptSuite" time="0.003" classname="com.Mcd.qa.TestCases.Core_General_Inquiry">
    <skipped/>
  </testcase> <!-- AptSuite -->
  <testcase name="City" time="0.003" classname="com.Mcd.qa.TestCases.Core_General_Inquiry">
    <skipped/>
  </testcase> <!-- City -->
  <testcase name="State" time="0.003" classname="com.Mcd.qa.TestCases.Core_General_Inquiry">
    <skipped/>
  </testcase> <!-- State -->
  <testcase name="Zip" time="0.004" classname="com.Mcd.qa.TestCases.Core_General_Inquiry">
    <skipped/>
  </testcase> <!-- Zip -->
  <testcase name="Email" time="0.002" classname="com.Mcd.qa.TestCases.Core_General_Inquiry">
    <skipped/>
  </testcase> <!-- Email -->
  <testcase name="Confirm_Email" time="0.002" classname="com.Mcd.qa.TestCases.Core_General_Inquiry">
    <skipped/>
  </testcase> <!-- Confirm_Email -->
  <testcase name="phone_number" time="0.003" classname="com.Mcd.qa.TestCases.Core_General_Inquiry">
    <skipped/>
  </testcase> <!-- phone_number -->
  <testcase name="By_Selecting_Submit" time="0.004" classname="com.Mcd.qa.TestCases.Core_General_Inquiry">
    <skipped/>
  </testcase> <!-- By_Selecting_Submit -->
  <testcase name="Positive_scenario" time="0.006" classname="com.Mcd.qa.TestCases.Core_General_Inquiry">
    <skipped/>
  </testcase> <!-- Positive_scenario -->
</testsuite> <!-- Default test -->
