<?xml version="1.0" encoding="UTF-8"?>
<!-- Generated by org.testng.reporters.JUnitXMLReporter -->
<testsuite hostname="LIN80002473" name="Mcd" tests="19" failures="0" timestamp="5 Nov 2019 10:15:40 GMT" time="3.151" errors="0">
  <testcase name="@BeforeClass setup" time="0.0" classname="com.Mcd.qa.TestCases.General_EnquireP">
    <failure type="org.openqa.selenium.SessionNotCreatedException" message="session not created: This version of ChromeDriver only supports Chrome version 76
Build info: version: &amp;apos;3.141.59&amp;apos;, revision: &amp;apos;e82be7d358&amp;apos;, time: &amp;apos;2018-11-14T08:25:48&amp;apos;
System info: host: &amp;apos;LIN80002473&amp;apos;, ip: &amp;apos;10.77.16.28&amp;apos;, os.name: &amp;apos;Windows 10&amp;apos;, os.arch: &amp;apos;amd64&amp;apos;, os.version: &amp;apos;10.0&amp;apos;, java.version: &amp;apos;1.8.0_181&amp;apos;
Driver info: driver.version: ChromeDriver
remote stacktrace: Backtrace:
	Ordinal0 [0x003E7C53+1473619]
	Ordinal0 [0x0036AD71+961905]
	Ordinal0 [0x002F42B3+475827]
	Ordinal0 [0x0028F365+62309]
	Ordinal0 [0x0028BC77+48247]
	Ordinal0 [0x002A9149+168265]
	Ordinal0 [0x002A8D1D+167197]
	Ordinal0 [0x002A742B+160811]
	Ordinal0 [0x00290AE6+68326]
	Ordinal0 [0x00291BF0+72688]
	Ordinal0 [0x00291B89+72585]
	Ordinal0 [0x00384B37+1067831]
	GetHandleVerifier [0x00486845+506677]
	GetHandleVerifier [0x004865E0+506064]
	GetHandleVerifier [0x0048D188+533624]
	GetHandleVerifier [0x0048701A+508682]
	Ordinal0 [0x0037C226+1032742]
	Ordinal0 [0x0037C09F+1032351]
	Ordinal0 [0x00386A4B+1075787]
	Ordinal0 [0x00386BB3+1076147]
	Ordinal0 [0x00385B65+1071973]
	BaseThreadInitThunk [0x75C70419+25]
	RtlGetAppContainerNamedObjectPath [0x76EF662D+237]
	RtlGetAppContainerNamedObjectPath [0x76EF65FD+189]
">
      <![CDATA[org.openqa.selenium.SessionNotCreatedException: session not created: This version of ChromeDriver only supports Chrome version 76
Build info: version: '3.141.59', revision: 'e82be7d358', time: '2018-11-14T08:25:48'
System info: host: 'LIN80002473', ip: '10.77.16.28', os.name: 'Windows 10', os.arch: 'amd64', os.version: '10.0', java.version: '1.8.0_181'
Driver info: driver.version: ChromeDriver
remote stacktrace: Backtrace:
	Ordinal0 [0x003E7C53+1473619]
	Ordinal0 [0x0036AD71+961905]
	Ordinal0 [0x002F42B3+475827]
	Ordinal0 [0x0028F365+62309]
	Ordinal0 [0x0028BC77+48247]
	Ordinal0 [0x002A9149+168265]
	Ordinal0 [0x002A8D1D+167197]
	Ordinal0 [0x002A742B+160811]
	Ordinal0 [0x00290AE6+68326]
	Ordinal0 [0x00291BF0+72688]
	Ordinal0 [0x00291B89+72585]
	Ordinal0 [0x00384B37+1067831]
	GetHandleVerifier [0x00486845+506677]
	GetHandleVerifier [0x004865E0+506064]
	GetHandleVerifier [0x0048D188+533624]
	GetHandleVerifier [0x0048701A+508682]
	Ordinal0 [0x0037C226+1032742]
	Ordinal0 [0x0037C09F+1032351]
	Ordinal0 [0x00386A4B+1075787]
	Ordinal0 [0x00386BB3+1076147]
	Ordinal0 [0x00385B65+1071973]
	BaseThreadInitThunk [0x75C70419+25]
	RtlGetAppContainerNamedObjectPath [0x76EF662D+237]
	RtlGetAppContainerNamedObjectPath [0x76EF65FD+189]

	at org.openqa.selenium.remote.W3CHandshakeResponse.lambda$errorHandler$0(W3CHandshakeResponse.java:62)
	at org.openqa.selenium.remote.HandshakeResponse.lambda$getResponseFunction$0(HandshakeResponse.java:30)
	at org.openqa.selenium.remote.ProtocolHandshake.lambda$createSession$0(ProtocolHandshake.java:126)
	at java.util.stream.ReferencePipeline$3$1.accept(ReferencePipeline.java:193)
	at java.util.Spliterators$ArraySpliterator.tryAdvance(Spliterators.java:958)
	at java.util.stream.ReferencePipeline.forEachWithCancel(ReferencePipeline.java:126)
	at java.util.stream.AbstractPipeline.copyIntoWithCancel(AbstractPipeline.java:498)
	at java.util.stream.AbstractPipeline.copyInto(AbstractPipeline.java:485)
	at java.util.stream.AbstractPipeline.wrapAndCopyInto(AbstractPipeline.java:471)
	at java.util.stream.FindOps$FindOp.evaluateSequential(FindOps.java:152)
	at java.util.stream.AbstractPipeline.evaluate(AbstractPipeline.java:234)
	at java.util.stream.ReferencePipeline.findFirst(ReferencePipeline.java:464)
	at org.openqa.selenium.remote.ProtocolHandshake.createSession(ProtocolHandshake.java:128)
	at org.openqa.selenium.remote.ProtocolHandshake.createSession(ProtocolHandshake.java:74)
	at org.openqa.selenium.remote.HttpCommandExecutor.execute(HttpCommandExecutor.java:136)
	at org.openqa.selenium.remote.service.DriverCommandExecutor.execute(DriverCommandExecutor.java:83)
	at org.openqa.selenium.remote.RemoteWebDriver.execute(RemoteWebDriver.java:552)
	at org.openqa.selenium.remote.RemoteWebDriver.startSession(RemoteWebDriver.java:213)
	at org.openqa.selenium.remote.RemoteWebDriver.<init>(RemoteWebDriver.java:131)
	at org.openqa.selenium.chrome.ChromeDriver.<init>(ChromeDriver.java:181)
	at org.openqa.selenium.chrome.ChromeDriver.<init>(ChromeDriver.java:168)
	at org.openqa.selenium.chrome.ChromeDriver.<init>(ChromeDriver.java:123)
	at com.McD.qa.Base.BaseTest.setup(BaseTest.java:46)
... Removed 28 stack frames]]>
    </failure>
  </testcase> <!-- @BeforeClass setup -->
  <testcase name="@AfterMethod tearDown" time="0.0" classname="com.Mcd.qa.TestCases.General_EnquireP">
    <skipped/>
  </testcase> <!-- @AfterMethod tearDown -->
  <testcase name="@AfterMethod tearDown" time="0.0" classname="com.Mcd.qa.TestCases.General_EnquireP">
    <skipped/>
  </testcase> <!-- @AfterMethod tearDown -->
  <testcase name="@AfterMethod tearDown" time="0.0" classname="com.Mcd.qa.TestCases.General_EnquireP">
    <skipped/>
  </testcase> <!-- @AfterMethod tearDown -->
  <testcase name="@AfterMethod tearDown" time="0.0" classname="com.Mcd.qa.TestCases.General_EnquireP">
    <skipped/>
  </testcase> <!-- @AfterMethod tearDown -->
  <testcase name="@AfterMethod tearDown" time="0.0" classname="com.Mcd.qa.TestCases.General_EnquireP">
    <skipped/>
  </testcase> <!-- @AfterMethod tearDown -->
  <testcase name="@AfterMethod tearDown" time="0.0" classname="com.Mcd.qa.TestCases.General_EnquireP">
    <skipped/>
  </testcase> <!-- @AfterMethod tearDown -->
  <testcase name="@AfterMethod tearDown" time="0.0" classname="com.Mcd.qa.TestCases.General_EnquireP">
    <skipped/>
  </testcase> <!-- @AfterMethod tearDown -->
  <testcase name="@AfterMethod tearDown" time="0.0" classname="com.Mcd.qa.TestCases.General_EnquireP">
    <skipped/>
  </testcase> <!-- @AfterMethod tearDown -->
  <testcase name="@AfterMethod tearDown" time="0.0" classname="com.Mcd.qa.TestCases.General_EnquireP">
    <skipped/>
  </testcase> <!-- @AfterMethod tearDown -->
  <testcase name="@AfterMethod tearDown" time="0.0" classname="com.Mcd.qa.TestCases.General_EnquireP">
    <skipped/>
  </testcase> <!-- @AfterMethod tearDown -->
  <testcase name="@AfterMethod tearDown" time="0.0" classname="com.Mcd.qa.TestCases.General_EnquireP">
    <skipped/>
  </testcase> <!-- @AfterMethod tearDown -->
  <testcase name="@AfterMethod tearDown" time="0.0" classname="com.Mcd.qa.TestCases.General_EnquireP">
    <skipped/>
  </testcase> <!-- @AfterMethod tearDown -->
  <testcase name="@AfterMethod tearDown" time="0.0" classname="com.Mcd.qa.TestCases.General_EnquireP">
    <skipped/>
  </testcase> <!-- @AfterMethod tearDown -->
  <testcase name="@AfterMethod tearDown" time="0.0" classname="com.Mcd.qa.TestCases.General_EnquireP">
    <skipped/>
  </testcase> <!-- @AfterMethod tearDown -->
  <testcase name="@AfterMethod tearDown" time="0.0" classname="com.Mcd.qa.TestCases.General_EnquireP">
    <skipped/>
  </testcase> <!-- @AfterMethod tearDown -->
  <testcase name="@AfterMethod tearDown" time="0.0" classname="com.Mcd.qa.TestCases.General_EnquireP">
    <skipped/>
  </testcase> <!-- @AfterMethod tearDown -->
  <testcase name="@AfterMethod tearDown" time="0.0" classname="com.Mcd.qa.TestCases.General_EnquireP">
    <skipped/>
  </testcase> <!-- @AfterMethod tearDown -->
  <testcase name="@AfterMethod tearDown" time="0.0" classname="com.Mcd.qa.TestCases.General_EnquireP">
    <skipped/>
  </testcase> <!-- @AfterMethod tearDown -->
  <testcase name="@AfterMethod tearDown" time="0.0" classname="com.Mcd.qa.TestCases.General_EnquireP">
    <skipped/>
  </testcase> <!-- @AfterMethod tearDown -->
  <testcase name="@AfterTest endreport" time="0.0" classname="com.Mcd.qa.TestCases.General_EnquireP">
    <skipped/>
  </testcase> <!-- @AfterTest endreport -->
  <testcase name="Open_URL" time="0.002" classname="com.Mcd.qa.TestCases.General_EnquireP">
    <skipped/>
  </testcase> <!-- Open_URL -->
  <testcase name="General_Inqury" time="0.003" classname="com.Mcd.qa.TestCases.General_EnquireP">
    <skipped/>
  </testcase> <!-- General_Inqury -->
  <testcase name="Pick_Different_Topic" time="0.001" classname="com.Mcd.qa.TestCases.General_EnquireP">
    <skipped/>
  </testcase> <!-- Pick_Different_Topic -->
  <testcase name="We_Want_to_Hear_From_You" time="0.002" classname="com.Mcd.qa.TestCases.General_EnquireP">
    <skipped/>
  </testcase> <!-- We_Want_to_Hear_From_You -->
  <testcase name="What_is_This_About" time="0.0" classname="com.Mcd.qa.TestCases.General_EnquireP">
    <skipped/>
  </testcase> <!-- What_is_This_About -->
  <testcase name="Tell_Us_About_It" time="0.0" classname="com.Mcd.qa.TestCases.General_EnquireP">
    <skipped/>
  </testcase> <!-- Tell_Us_About_It -->
  <testcase name="Frist_Name" time="0.0" classname="com.Mcd.qa.TestCases.General_EnquireP">
    <skipped/>
  </testcase> <!-- Frist_Name -->
  <testcase name="Last_Name" time="0.017" classname="com.Mcd.qa.TestCases.General_EnquireP">
    <skipped/>
  </testcase> <!-- Last_Name -->
  <testcase name="Address" time="0.001" classname="com.Mcd.qa.TestCases.General_EnquireP">
    <skipped/>
  </testcase> <!-- Address -->
  <testcase name="AptSuite" time="0.0" classname="com.Mcd.qa.TestCases.General_EnquireP">
    <skipped/>
  </testcase> <!-- AptSuite -->
  <testcase name="City" time="0.0" classname="com.Mcd.qa.TestCases.General_EnquireP">
    <skipped/>
  </testcase> <!-- City -->
  <testcase name="State" time="0.003" classname="com.Mcd.qa.TestCases.General_EnquireP">
    <skipped/>
  </testcase> <!-- State -->
  <testcase name="Zip" time="0.001" classname="com.Mcd.qa.TestCases.General_EnquireP">
    <skipped/>
  </testcase> <!-- Zip -->
  <testcase name="Email" time="0.001" classname="com.Mcd.qa.TestCases.General_EnquireP">
    <skipped/>
  </testcase> <!-- Email -->
  <testcase name="Confirm_Email" time="0.008" classname="com.Mcd.qa.TestCases.General_EnquireP">
    <skipped/>
  </testcase> <!-- Confirm_Email -->
  <testcase name="phone_number" time="0.012" classname="com.Mcd.qa.TestCases.General_EnquireP">
    <skipped/>
  </testcase> <!-- phone_number -->
  <testcase name="By_Selecting_Submit" time="0.001" classname="com.Mcd.qa.TestCases.General_EnquireP">
    <skipped/>
  </testcase> <!-- By_Selecting_Submit -->
  <testcase name="Global_Error_Message" time="0.005" classname="com.Mcd.qa.TestCases.General_EnquireP">
    <skipped/>
  </testcase> <!-- Global_Error_Message -->
  <testcase name="Positive_scenario" time="0.001" classname="com.Mcd.qa.TestCases.General_EnquireP">
    <skipped/>
  </testcase> <!-- Positive_scenario -->
</testsuite> <!-- Mcd -->
